<?xml version="1.0" encoding="UTF-8"?>
<coverage generated="1788803386490" clover="3.2.0">
  <project timestamp="1788803386491" name="All files">
    <metrics statements="16" coveredstatements="16" conditionals="13" coveredconditionals="13" methods="4" coveredmethods="4" elements="33" coveredelements="33" complexity="0" loc="16" ncloc="16" packages="1" files="2" classes="2"/>
    <file name="stack-accordion.tsx" path="C:\Users\cassi\Documents\cassian-brito-santos\portifolio-cassiano\src\components\stack-accordion.tsx">
      <metrics statements="4" coveredstatements="4" conditionals="0" coveredconditionals="0" methods="1" coveredmethods="1"/>
      <line num="3" count="1" type="stmt"/>
      <line num="10" count="14" type="stmt"/>
      <line num="12" count="4" type="stmt"/>
      <line num="13" count="9" type="stmt"/>
    </file>
    <file name="stack-section.tsx" path="C:\Users\cassi\Documents\cassian-brito-santos\portifolio-cassiano\src\components\stack-section.tsx">
      <metrics statements="12" coveredstatements="12" conditionals="13" coveredconditionals="13" methods="3" coveredmethods="3"/>
      <line num="4" count="1" type="stmt"/>
      <line num="5" count="1" type="stmt"/>
      <line num="13" count="6" type="stmt"/>
      <line num="18" count="14" type="stmt"/>
      <line num="20" count="14" type="cond" truecount="2" falsecount="0"/>
      <line num="21" count="2" type="stmt"/>
      <line num="24" count="12" type="stmt"/>
      <line num="25" count="12" type="stmt"/>
      <line num="28" count="12" type="stmt"/>
      <line num="29" count="12" type="cond" truecount="4" falsecount="0"/>
      <line num="30" count="1" type="stmt"/>
      <line num="35" count="4" type="cond" truecount="2" falsecount="0"/>
    </file>
  </project>
</coverage>
