{
  "C:\\Users\\cassi\\Documents\\cassian-brito-santos\\portifolio-cassiano\\src\\components\\stack-accordion.tsx": {
    "path": "C:\\Users\\cassi\\Documents\\cassian-brito-santos\\portifolio-cassiano\\src\\components\\stack-accordion.tsx",
    "statementMap": {
      "0": {
        "start": { "line": 10, "column": 13 },
        "end": { "line": 10, "column": 32 }
      },
      "1": {
        "start": { "line": 12, "column": 16 },
        "end": { "line": 12, "column": 31 }
      },
      "2": {
        "start": { "line": 3, "column": 56 },
        "end": { "line": 3, "column": null }
      },
      "3": {
        "start": { "line": 10, "column": 32 },
        "end": { "line": 10, "column": null }
      },
      "4": {
        "start": { "line": 13, "column": 36 },
        "end": { "line": 13, "column": null }
      }
    },
    "fnMap": {
      "0": {
        "name": "StackAccordion",
        "decl": {
          "start": { "line": 12, "column": 16 },
          "end": { "line": 12, "column": 31 }
        },
        "loc": {
          "start": { "line": 12, "column": 68 },
          "end": { "line": 20, "column": null }
        }
      }
    },
    "branchMap": {},
    "s": { "0": 14, "1": 4, "2": 1, "3": 1, "4": 9 },
    "f": { "0": 9 },
    "b": {}
  },
  "C:\\Users\\cassi\\Documents\\cassian-brito-santos\\portifolio-cassiano\\src\\components\\stack-section.tsx": {
    "path": "C:\\Users\\cassi\\Documents\\cassian-brito-santos\\portifolio-cassiano\\src\\components\\stack-section.tsx",
    "statementMap": {
      "0": {
        "start": { "line": 13, "column": 16 },
        "end": { "line": 13, "column": 29 }
      },
      "1": {
        "start": { "line": 4, "column": 30 },
        "end": { "line": 4, "column": null }
      },
      "2": {
        "start": { "line": 5, "column": 33 },
        "end": { "line": 5, "column": null }
      },
      "3": {
        "start": { "line": 18, "column": 18 },
        "end": { "line": 18, "column": null }
      },
      "4": {
        "start": { "line": 20, "column": 2 },
        "end": { "line": 22, "column": null }
      },
      "5": {
        "start": { "line": 21, "column": 4 },
        "end": { "line": 21, "column": null }
      },
      "6": {
        "start": { "line": 24, "column": 38 },
        "end": { "line": 24, "column": null }
      },
      "7": {
        "start": { "line": 25, "column": 15 },
        "end": { "line": 25, "column": null }
      },
      "8": {
        "start": { "line": 28, "column": 2 },
        "end": { "line": 32, "column": null }
      },
      "9": {
        "start": { "line": 29, "column": 4 },
        "end": { "line": 31, "column": null }
      },
      "10": {
        "start": { "line": 30, "column": 6 },
        "end": { "line": 30, "column": null }
      },
      "11": {
        "start": { "line": 35, "column": 4 },
        "end": { "line": 35, "column": null }
      }
    },
    "fnMap": {
      "0": {
        "name": "StackSection",
        "decl": {
          "start": { "line": 13, "column": 16 },
          "end": { "line": 13, "column": 29 }
        },
        "loc": {
          "start": { "line": 17, "column": 20 },
          "end": { "line": 64, "column": null }
        }
      },
      "1": {
        "name": "(anonymous_2)",
        "decl": {
          "start": { "line": 28, "column": 12 },
          "end": { "line": 28, "column": null }
        },
        "loc": {
          "start": { "line": 28, "column": 12 },
          "end": { "line": 32, "column": 5 }
        }
      },
      "2": {
        "name": "toggle",
        "decl": {
          "start": { "line": 34, "column": 11 },
          "end": { "line": 34, "column": null }
        },
        "loc": {
          "start": { "line": 34, "column": 11 },
          "end": { "line": 36, "column": null }
        }
      }
    },
    "branchMap": {
      "0": {
        "loc": {
          "start": { "line": 16, "column": 2 },
          "end": { "line": 16, "column": 21 }
        },
        "type": "default-arg",
        "locations": [
          {
            "start": { "line": 16, "column": 16 },
            "end": { "line": 16, "column": 21 }
          }
        ]
      },
      "1": {
        "loc": {
          "start": { "line": 20, "column": 2 },
          "end": { "line": 22, "column": null }
        },
        "type": "if",
        "locations": [
          {
            "start": { "line": 20, "column": 2 },
            "end": { "line": 22, "column": null }
          },
          { "start": {}, "end": {} }
        ]
      },
      "2": {
        "loc": {
          "start": { "line": 29, "column": 4 },
          "end": { "line": 31, "column": null }
        },
        "type": "if",
        "locations": [
          {
            "start": { "line": 29, "column": 4 },
            "end": { "line": 31, "column": null }
          },
          { "start": {}, "end": {} }
        ]
      },
      "3": {
        "loc": {
          "start": { "line": 29, "column": 8 },
          "end": { "line": 29, "column": 43 }
        },
        "type": "binary-expr",
        "locations": [
          {
            "start": { "line": 29, "column": 8 },
            "end": { "line": 29, "column": 23 }
          },
          {
            "start": { "line": 29, "column": 23 },
            "end": { "line": 29, "column": 43 }
          }
        ]
      },
      "4": {
        "loc": {
          "start": { "line": 35, "column": 17 },
          "end": { "line": 35, "column": null }
        },
        "type": "cond-expr",
        "locations": [
          {
            "start": { "line": 35, "column": 24 },
            "end": { "line": 35, "column": 31 }
          },
          {
            "start": { "line": 35, "column": 31 },
            "end": { "line": 35, "column": null }
          }
        ]
      },
      "5": {
        "loc": {
          "start": { "line": 48, "column": 53 },
          "end": { "line": 48, "column": 79 }
        },
        "type": "cond-expr",
        "locations": [
          {
            "start": { "line": 48, "column": 60 },
            "end": { "line": 48, "column": 75 }
          },
          {
            "start": { "line": 48, "column": 75 },
            "end": { "line": 48, "column": 79 }
          }
        ]
      },
      "6": {
        "loc": {
          "start": { "line": 57, "column": 12 },
          "end": { "line": 57, "column": 47 }
        },
        "type": "cond-expr",
        "locations": [
          {
            "start": { "line": 57, "column": 19 },
            "end": { "line": 57, "column": 37 }
          },
          {
            "start": { "line": 57, "column": 37 },
            "end": { "line": 57, "column": 47 }
          }
        ]
      }
    },
    "s": {
      "0": 6,
      "1": 1,
      "2": 1,
      "3": 14,
      "4": 14,
      "5": 2,
      "6": 12,
      "7": 12,
      "8": 12,
      "9": 12,
      "10": 1,
      "11": 4
    },
    "f": { "0": 14, "1": 12, "2": 4 },
    "b": {
      "0": [12],
      "1": [2, 12],
      "2": [1, 11],
      "3": [12, 2],
      "4": [1, 3],
      "5": [4, 8],
      "6": [4, 8]
    }
  }
}
