TN:
SF:src\components\stack-accordion.tsx
FN:12,StackAccordion
FNF:1
FNH:1
FNDA:9,StackAccordion
DA:3,1
DA:10,14
DA:12,4
DA:13,9
LF:4
LH:4
BRF:0
BRH:0
end_of_record
TN:
SF:src\components\stack-section.tsx
FN:13,StackSection
FN:28,(anonymous_2)
FN:34,toggle
FNF:3
FNH:3
FNDA:14,StackSection
FNDA:12,(anonymous_2)
FNDA:4,toggle
DA:4,1
DA:5,1
DA:13,6
DA:18,14
DA:20,14
DA:21,2
DA:24,12
DA:25,12
DA:28,12
DA:29,12
DA:30,1
DA:35,4
LF:12
LH:12
BRDA:16,0,0,12
BRDA:20,1,0,2
BRDA:20,1,1,12
BRDA:29,2,0,1
BRDA:29,2,1,11
BRDA:29,3,0,12
BRDA:29,3,1,2
BRDA:35,4,0,1
BRDA:35,4,1,3
BRDA:48,5,0,4
BRDA:48,5,1,8
BRDA:57,6,0,4
BRDA:57,6,1,8
BRF:13
BRH:13
end_of_record
